<?xml version="1.0" encoding="UTF-8"?>
<!-- Generated by org.testng.reporters.JUnitXMLReporter -->
<testsuite ignored="0" hostname="LAPTOP-GLT2EB5A" failures="0" tests="5" name="Default test" time="6.15" errors="0" timestamp="21 Dec 2022 14:32:22 GMT">
  <testcase classname="com.rest.api.patch.PartialUpdateBooking" name="Create_Booking_Test" time="3.578"/>
  <testcase classname="com.rest.api.patch.PartialUpdateBooking" name="Generate_Token_Test" time="0.605"/>
  <testcase classname="com.rest.api.patch.PartialUpdateBooking" name="Update_partial_booking_Test" time="0.716"/>
  <testcase classname="com.rest.api.patch.PartialUpdateBooking" name="Delete_booking_Test" time="0.62"/>
  <testcase classname="com.rest.api.patch.PartialUpdateBooking" name="Verify_booking_is_deleted" time="0.584"/>
</testsuite> <!-- Default test -->
