<?xml version="1.0" encoding="UTF-8"?>
<testng-results ignored="0" total="5" passed="5" failed="0" skipped="0">
  <reporter-output>
  </reporter-output>
  <suite started-at="2022-12-21T14:32:15Z" name="Default suite" finished-at="2022-12-21T14:32:22Z" duration-ms="6150">
    <groups>
    </groups>
    <test started-at="2022-12-21T14:32:15Z" name="Default test" finished-at="2022-12-21T14:32:22Z" duration-ms="6150">
      <class name="com.rest.api.patch.PartialUpdateBooking">
        <test-method signature="Create_Booking_Test()[pri:1, instance:com.rest.api.patch.PartialUpdateBooking@2af004b]" started-at="2022-12-21T14:32:15Z" name="Create_Booking_Test" finished-at="2022-12-21T14:32:19Z" duration-ms="3578" status="PASS">
          <reporter-output>
          </reporter-output>
        </test-method> <!-- Create_Booking_Test -->
        <test-method signature="Generate_Token_Test()[pri:2, instance:com.rest.api.patch.PartialUpdateBooking@2af004b]" started-at="2022-12-21T14:32:19Z" name="Generate_Token_Test" finished-at="2022-12-21T14:32:20Z" duration-ms="605" status="PASS">
          <reporter-output>
          </reporter-output>
        </test-method> <!-- Generate_Token_Test -->
        <test-method signature="Update_partial_booking_Test()[pri:3, instance:com.rest.api.patch.PartialUpdateBooking@2af004b]" started-at="2022-12-21T14:32:20Z" name="Update_partial_booking_Test" finished-at="2022-12-21T14:32:20Z" duration-ms="716" status="PASS">
          <reporter-output>
          </reporter-output>
        </test-method> <!-- Update_partial_booking_Test -->
        <test-method signature="Delete_booking_Test()[pri:4, instance:com.rest.api.patch.PartialUpdateBooking@2af004b]" started-at="2022-12-21T14:32:20Z" name="Delete_booking_Test" finished-at="2022-12-21T14:32:21Z" duration-ms="620" status="PASS">
          <reporter-output>
          </reporter-output>
        </test-method> <!-- Delete_booking_Test -->
        <test-method signature="Verify_booking_is_deleted()[pri:5, instance:com.rest.api.patch.PartialUpdateBooking@2af004b]" started-at="2022-12-21T14:32:21Z" name="Verify_booking_is_deleted" finished-at="2022-12-21T14:32:22Z" duration-ms="584" status="PASS">
          <reporter-output>
          </reporter-output>
        </test-method> <!-- Verify_booking_is_deleted -->
      </class> <!-- com.rest.api.patch.PartialUpdateBooking -->
    </test> <!-- Default test -->
  </suite> <!-- Default suite -->
</testng-results>
